<?xml version="1.0" encoding="UTF-8"?>
<!-- Generated by org.testng.reporters.JUnitXMLReporter -->
<testsuite hostname="DESKTOP-EM8SP10" ignored="2" name="Test(failed)" tests="1" failures="0" timestamp="16 Oct 2020 03:56:57 GMT" time="0.075" errors="0">
  <testcase name="CreateCustomer" time="0.017" classname="com.actitime.test.CustomerModule"/>
  <testcase name="CreateCustomerwithTaskname" time="0.0" classname="com.actitime.test.CustomerModule">
    <ignored/>
  </testcase> <!-- CreateCustomerwithTaskname -->
  <testcase name="CreateCustomerwithDescription" time="0.0" classname="com.actitime.test.CustomerModule">
    <ignored/>
  </testcase> <!-- CreateCustomerwithDescription -->
</testsuite> <!-- Test(failed) -->
