<?xml version="1.0" encoding="UTF-8"?>
<!-- Generated by org.testng.reporters.JUnitXMLReporter -->
<testsuite hostname="DESKTOP-EM8SP10" ignored="0" name="Test" tests="6" failures="1" timestamp="16 Oct 2020 03:53:36 GMT" time="0.166" errors="0">
  <testcase name="CreateCustomer" time="0.027" classname="com.actitime.test.CustomerModule">
    <failure type="java.lang.AssertionError" message="null">
      <![CDATA[java.lang.AssertionError: null
	at com.actitime.test.CustomerModule.CreateCustomer(CustomerModule.java:16)
... Removed 27 stack frames]]>
    </failure>
  </testcase> <!-- CreateCustomer -->
  <testcase name="CreateCustomerwithDescription" time="0.005" classname="com.actitime.test.CustomerModule"/>
  <testcase name="CreateCustomerwithTaskname" time="0.017" classname="com.actitime.test.CustomerModule"/>
  <testcase name="testModifyTask" time="0.005" classname="com.actitime.test.TaskModule"/>
  <testcase name="createprojectr" time="0.013" classname="com.actitime.test.ProjectModule"/>
  <testcase name="deleteproject" time="0.005" classname="com.actitime.test.ProjectModule"/>
</testsuite> <!-- Test -->
